[2025-05-07 07:59:14,008] [INFO] Starting Flask application...
[2025-05-07 07:59:42,986] [INFO] Starting Flask application...
[2025-05-07 07:59:53,192] [INFO] Fetched all products.
[2025-05-07 08:01:38,914] [INFO] Created product: Wireless Mouse (ID: 1)
[2025-05-07 08:01:54,112] [INFO] Created product: Mechanical Keyboard (ID: 2)
[2025-05-07 08:02:00,022] [INFO] Fetched all products.
[2025-05-07 11:11:38,786] [INFO] Starting Flask application...
[2025-05-07 11:11:41,330] [INFO] Starting Flask application...
[2025-05-07 11:16:41,034] [ERROR] Error creating product: (oracledb.exceptions.IntegrityError) ORA-00001: unique constraint (SYSTEM.SYS_C008224) violated
Help: https://docs.oracle.com/error-help/db/ora-00001/
[SQL: INSERT INTO products (id, name, price, description, qyuantity) VALUES (:id, :name, :price, :description, :qyuantity)]
[parameters: {'id': 2, 'name': 'Mechanical Keyboard', 'price': 79.99, 'description': 'Backlit mechanical keyboard with blue switches', 'qyuantity': 0}]
(Background on this error at: https://sqlalche.me/e/20/gkpj)
[2025-05-08 07:09:44,423] [INFO] Starting Flask application...
[2025-05-08 07:09:46,330] [INFO] Starting Flask application...
[2025-05-08 07:10:38,905] [INFO] Starting Flask application...
[2025-05-08 07:10:39,948] [INFO] Starting Flask application...
[2025-05-08 07:28:21,923] [INFO] Starting Flask application...
[2025-05-08 07:28:23,662] [INFO] Starting Flask application...
[2025-05-08 07:55:53,929] [INFO] Starting Flask application...
[2025-05-08 07:55:56,348] [INFO] Starting Flask application...
[2025-05-08 07:56:26,866] [INFO] Fetched all products.
[2025-05-08 07:58:57,267] [INFO] Starting Flask application...
[2025-05-08 07:58:59,561] [INFO] Starting Flask application...
[2025-05-08 08:01:23,286] [INFO] Starting Flask application...
[2025-05-08 08:01:28,721] [INFO] Starting Flask application...
